[4/19/2026, 3:42:28 AM] MIDDLEWARE HIT
[4/19/2026, 3:42:29 AM] NO TOKEN PROVIDED
[4/19/2026, 3:42:29 AM] TOKEN VERIFIED - userId: 69d9f18acc1208373d3321d8
[4/19/2026, 3:42:29 AM] MIDDLEWARE HIT
[4/19/2026, 3:42:29 AM] NO TOKEN PROVIDED
[4/19/2026, 3:42:29 AM] TOKEN VERIFIED - userId: 69d9f18acc1208373d3321d8
[4/19/2026, 3:43:10 AM] LOGIN TRY - madu123@gmail.com
[4/19/2026, 3:43:10 AM] LOGIN FAIL - user not found: madu123@gmail.com
[4/19/2026, 3:43:33 AM] LOGIN TRY - basantkushwaha678@gmail.com
[4/19/2026, 3:43:33 AM] LOGIN FAIL - wrong password: basantkushwaha678@gmail.com
[4/19/2026, 3:43:51 AM] LOGIN TRY - basantkushwaha678@gmail.com
[4/19/2026, 3:43:51 AM] LOGIN SUCCESS - basantkushwaha678@gmail.com
[4/19/2026, 3:43:53 AM] MIDDLEWARE HIT
[4/19/2026, 3:43:53 AM] NO TOKEN PROVIDED
[4/19/2026, 3:43:53 AM] TOKEN VERIFIED - userId: 69d9f18acc1208373d3321d8
[4/19/2026, 3:43:53 AM] MIDDLEWARE HIT
[4/19/2026, 3:43:53 AM] NO TOKEN PROVIDED
[4/19/2026, 3:43:53 AM] TOKEN VERIFIED - userId: 69d9f18acc1208373d3321d8
[4/19/2026, 3:45:58 AM] MIDDLEWARE HIT
[4/19/2026, 3:45:59 AM] NO TOKEN PROVIDED
[4/19/2026, 3:45:59 AM] TOKEN VERIFIED - userId: 69d9f18acc1208373d3321d8
[4/19/2026, 3:45:59 AM] MIDDLEWARE HIT
[4/19/2026, 3:45:59 AM] NO TOKEN PROVIDED
[4/19/2026, 3:45:59 AM] TOKEN VERIFIED - userId: 69d9f18acc1208373d3321d8
[4/19/2026, 3:46:16 AM] LOGIN TRY - kishan@gamil.com
[4/19/2026, 3:46:16 AM] LOGIN FAIL - user not found: kishan@gamil.com
[4/19/2026, 3:47:32 AM] LOGIN TRY -  basantkushwaha678@gmail.com
[4/19/2026, 3:47:32 AM] LOGIN FAIL - user not found:  basantkushwaha678@gmail.com
[4/19/2026, 3:48:07 AM] LOGIN TRY - basantkushwaha678@gmail.com
[4/19/2026, 3:48:07 AM] LOGIN SUCCESS - basantkushwaha678@gmail.com
[4/19/2026, 3:48:09 AM] MIDDLEWARE HIT
[4/19/2026, 3:48:09 AM] NO TOKEN PROVIDED
[4/19/2026, 3:48:09 AM] TOKEN VERIFIED - userId: 69d9f18acc1208373d3321d8
[4/19/2026, 3:48:09 AM] MIDDLEWARE HIT
[4/19/2026, 3:48:09 AM] NO TOKEN PROVIDED
[4/19/2026, 3:48:09 AM] TOKEN VERIFIED - userId: 69d9f18acc1208373d3321d8
[4/19/2026, 3:51:32 AM] MIDDLEWARE HIT
[4/19/2026, 3:51:32 AM] NO TOKEN PROVIDED
[4/19/2026, 3:51:32 AM] TOKEN VERIFIED - userId: 69d9f18acc1208373d3321d8
[4/19/2026, 3:51:32 AM] MIDDLEWARE HIT
[4/19/2026, 3:51:32 AM] NO TOKEN PROVIDED
[4/19/2026, 3:51:32 AM] TOKEN VERIFIED - userId: 69d9f18acc1208373d3321d8
[4/19/2026, 4:18:37 AM] MIDDLEWARE HIT
[4/19/2026, 4:18:37 AM] NO TOKEN PROVIDED
[4/19/2026, 4:18:37 AM] TOKEN VERIFIED - userId: 69d9f18acc1208373d3321d8
[4/19/2026, 4:18:37 AM] MIDDLEWARE HIT
[4/19/2026, 4:18:37 AM] NO TOKEN PROVIDED
[4/19/2026, 4:18:37 AM] TOKEN VERIFIED - userId: 69d9f18acc1208373d3321d8
[4/19/2026, 4:24:01 AM] LOGIN TRY - basantkushwaha678@gmail.com
[4/19/2026, 4:24:01 AM] LOGIN SUCCESS - basantkushwaha678@gmail.com
[4/19/2026, 4:24:03 AM] MIDDLEWARE HIT
[4/19/2026, 4:24:03 AM] NO TOKEN PROVIDED
[4/19/2026, 4:24:03 AM] TOKEN VERIFIED - userId: 69d9f18acc1208373d3321d8
[4/19/2026, 4:24:03 AM] MIDDLEWARE HIT
[4/19/2026, 4:24:03 AM] NO TOKEN PROVIDED
[4/19/2026, 4:24:03 AM] TOKEN VERIFIED - userId: 69d9f18acc1208373d3321d8
